[21:45:15.194] CLIENT ŌåÆ
b'\x08\x91N\x10\xb7\xf0\xb7\xad\xf03\x18\xd1\x80\x80\x10 \x02:\x012BG\n3\x08\x02\x12\x137530336047470134294\x1a\x137530336047470134294 \xb7\xf0\xb7\xad\xf03\x12\x04\x08\x03\x18\x00\x12\x04\x08\x03\x18\x01\x12\x04\x08\x03\x18\x02'
---
[21:45:15.293] CLIENT ŌåÆ
b'\x08\x92N\x10\x9d\xf1\xb7\xad\xf03\x18\xd1\x80\x80\x10 \x02:\x012B\xfb\x01\n3\x08\x02\x12\x137530336047470134294\x1a\x137530336047470134294 \x9d\xf1\xb7\xad\xf03\x12\x10\x08\x04\x10\x01\x18\x01 \x88\x8c\xe0\xc6\xa1\xfa\xb0\xb5\x08\x12\x10\x08\x04\x10\x00\x18\x01 \xaa\xb6\xff\xcf\xd8\x9b\xf2\xf5`\x12\x10\x08\x04\x10\x00\x18\x01 \xb4\xb6\xff\xcf\xd8\x9b\xf2\xf5`\x12\x10\x08\x04\x10\x00\x18\x01 \xd2\xb6\xff\xcf\xd8\x9b\xf2\xf5`\x12\x10\x08\x04\x10\x00\x18\x01 \x9e\x84\x80\xd0\xd8\x9b\xf2\xf5`\x12\x10\x08\x04\x10\x00\x18\x01 \x9e\x84\x81\xd0\xd8\x9b\xf2\xf5`\x12\x10\x08\x04\x10\x00\x18\x01 \x8e\x84\x80\x82\x95\x9e\xf2\xf5`\x12\x10\x08\x04\x10\x00\x18\x01 \xac\x84\x82\x82\x8f\xa8\xbe\xc4a\x12\x10\x08\x04\x10\x00\x18\x01 \xac\x84\x86\x82\x8f\xa8\xbe\xc4a\x12\x10\x08\x04\x10\x01\x18\x00 \x96\x8a\xe2\xe6\xd8\xe2\xc2\xc0h\x12\x10\x08\x04\x10\x00\x18\x00 \x96\x84\xe1\xd4\xbd\xe3\xc2\xc0h'
---
[21:45:45.197] CLIENT ŌåÆ
b'\x08\x93N\x10\xec\xda\xb9\xad\xf03\x18\xd1\x80\x80\x10 \x02:\x012B\xfb\x01\n3\x08\x02\x12\x137530336047470134294\x1a\x137530336047470134294 \xec\xda\xb9\xad\xf03\x12\x10\x08\x04\x10\x01\x18\x01 \x88\x8c\xe0\xc6\xa1\xfa\xb0\xb5\x08\x12\x10\x08\x04\x10\x00\x18\x01 \xaa\xb6\xff\xcf\xd8\x9b\xf2\xf5`\x12\x10\x08\x04\x10\x00\x18\x01 \xb4\xb6\xff\xcf\xd8\x9b\xf2\xf5`\x12\x10\x08\x04\x10\x00\x18\x01 \xd2\xb6\xff\xcf\xd8\x9b\xf2\xf5`\x12\x10\x08\x04\x10\x00\x18\x01 \x9e\x84\x80\xd0\xd8\x9b\xf2\xf5`\x12\x10\x08\x04\x10\x00\x18\x01 \x9e\x84\x81\xd0\xd8\x9b\xf2\xf5`\x12\x10\x08\x04\x10\x00\x18\x01 \x8e\x84\x80\x82\x95\x9e\xf2\xf5`\x12\x10\x08\x04\x10\x00\x18\x01 \xac\x84\x82\x82\x8f\xa8\xbe\xc4a\x12\x10\x08\x04\x10\x00\x18\x01 \xac\x84\x86\x82\x8f\xa8\xbe\xc4a\x12\x10\x08\x04\x10\x01\x18\x00 \x96\x8a\xe2\xe6\xd8\xe2\xc2\xc0h\x12\x10\x08\x04\x10\x00\x18\x00 \x96\x84\xe1\xd4\xbd\xe3\xc2\xc0h'
---
[21:45:51.616] CLIENT ŌåÆ
hi
---
[21:45:51.761] SERVER ŌåÉ
hi
---
[21:46:15.208] CLIENT ŌåÆ
b'\x08\x94N\x10\xa6\xc5\xbb\xad\xf03\x18\xd1\x80\x80\x10 \x02:\x012B\xfb\x01\n3\x08\x02\x12\x137530336047470134294\x1a\x137530336047470134294 \xa5\xc5\xbb\xad\xf03\x12\x10\x08\x04\x10\x01\x18\x01 \x88\x8c\xe0\xc6\xa1\xfa\xb0\xb5\x08\x12\x10\x08\x04\x10\x00\x18\x01 \xaa\xb6\xff\xcf\xd8\x9b\xf2\xf5`\x12\x10\x08\x04\x10\x00\x18\x01 \xb4\xb6\xff\xcf\xd8\x9b\xf2\xf5`\x12\x10\x08\x04\x10\x00\x18\x01 \xd2\xb6\xff\xcf\xd8\x9b\xf2\xf5`\x12\x10\x08\x04\x10\x00\x18\x01 \x9e\x84\x80\xd0\xd8\x9b\xf2\xf5`\x12\x10\x08\x04\x10\x00\x18\x01 \x9e\x84\x81\xd0\xd8\x9b\xf2\xf5`\x12\x10\x08\x04\x10\x00\x18\x01 \x8e\x84\x80\x82\x95\x9e\xf2\xf5`\x12\x10\x08\x04\x10\x00\x18\x01 \xac\x84\x82\x82\x8f\xa8\xbe\xc4a\x12\x10\x08\x04\x10\x00\x18\x01 \xac\x84\x86\x82\x8f\xa8\xbe\xc4a\x12\x10\x08\x04\x10\x01\x18\x00 \x96\x8a\xe2\xe6\xd8\xe2\xc2\xc0h\x12\x10\x08\x04\x10\x00\x18\x00 \x96\x84\xe1\xd4\xbd\xe3\xc2\xc0h'
---
[21:46:21.772] CLIENT ŌåÆ
hi
---
[21:46:21.841] SERVER ŌåÉ
hi
---
[21:46:52.551] CLIENT ŌåÆ
hi
---
[21:46:52.610] SERVER ŌåÉ
hi
---
[21:47:22.617] CLIENT ŌåÆ
hi
---
[21:47:22.784] SERVER ŌåÉ
hi
---
[21:47:52.789] CLIENT ŌåÆ
hi
---
[21:47:52.865] SERVER ŌåÉ
hi
---
